# JRE version: Java(TM) SE Runtime Environment (8.0_161-b12) (build 1.8.0_161-b12)
# Java VM: Java HotSpot(TM) 64-Bit Server VM (25.161-b12 mixed mode windows-amd64 compressed oops)
Heap:
 PSYoungGen      total 17408K, used 3119K [0x00000000ecf80000, 0x00000000ee280000, 0x0000000100000000)
  eden space 15360K, 20% used [0x00000000ecf80000,0x00000000ed28bc10,0x00000000ede80000)
  from space 2048K, 0% used [0x00000000ede80000,0x00000000ede80000,0x00000000ee080000)
  to   space 2048K, 0% used [0x00000000ee080000,0x00000000ee080000,0x00000000ee280000)
 ParOldGen       total 35840K, used 5193K [0x00000000c6e00000, 0x00000000c9100000, 0x00000000ecf80000)
  object space 35840K, 14% used [0x00000000c6e00000,0x00000000c73127e8,0x00000000c9100000)
 Metaspace       used 8321K, capacity 8562K, committed 8832K, reserved 1060864K
  class space    used 971K, capacity 1061K, committed 1152K, reserved 1048576K
GC Heap History (4 events):
Event: 0.973 GC heap before
{Heap before GC invocations=1 (full 0):
 PSYoungGen      total 17408K, used 7998K [0x00000000ecf80000, 0x00000000ee280000, 0x0000000100000000)
  eden space 15360K, 52% used [0x00000000ecf80000,0x00000000ed74f9f8,0x00000000ede80000)
  from space 2048K, 0% used [0x00000000ee080000,0x00000000ee080000,0x00000000ee280000)
  to   space 2048K, 0% used [0x00000000ede80000,0x00000000ede80000,0x00000000ee080000)
 ParOldGen       total 39936K, used 0K [0x00000000c6e00000, 0x00000000c9500000, 0x00000000ecf80000)
  object space 39936K, 0% used [0x00000000c6e00000,0x00000000c6e00000,0x00000000c9500000)
 Metaspace       used 7136K, capacity 7278K, committed 7424K, reserved 1062912K
  class space    used 836K, capacity 933K, committed 1024K, reserved 1048576K
Event: 0.982 GC heap after
Heap after GC invocations=1 (full 0):
 PSYoungGen      total 17408K, used 2032K [0x00000000ecf80000, 0x00000000ee280000, 0x0000000100000000)
  eden space 15360K, 0% used [0x00000000ecf80000,0x00000000ecf80000,0x00000000ede80000)
  from space 2048K, 99% used [0x00000000ede80000,0x00000000ee07c010,0x00000000ee080000)
  to   space 2048K, 0% used [0x00000000ee080000,0x00000000ee080000,0x00000000ee280000)
 ParOldGen       total 39936K, used 3320K [0x00000000c6e00000, 0x00000000c9500000, 0x00000000ecf80000)
  object space 39936K, 8% used [0x00000000c6e00000,0x00000000c713e000,0x00000000c9500000)
 Metaspace       used 7136K, capacity 7278K, committed 7424K, reserved 1062912K
  class space    used 836K, capacity 933K, committed 1024K, reserved 1048576K
}
Event: 0.982 GC heap before
{Heap before GC invocations=2 (full 1):
 PSYoungGen      total 17408K, used 2032K [0x00000000ecf80000, 0x00000000ee280000, 0x0000000100000000)
  eden space 15360K, 0% used [0x00000000ecf80000,0x00000000ecf80000,0x00000000ede80000)
  from space 2048K, 99% used [0x00000000ede80000,0x00000000ee07c010,0x00000000ee080000)
  to   space 2048K, 0% used [0x00000000ee080000,0x00000000ee080000,0x00000000ee280000)
 ParOldGen       total 39936K, used 3320K [0x00000000c6e00000, 0x00000000c9500000, 0x00000000ecf80000)
  object space 39936K, 8% used [0x00000000c6e00000,0x00000000c713e000,0x00000000c9500000)
 Metaspace       used 7136K, capacity 7278K, committed 7424K, reserved 1062912K
  class space    used 836K, capacity 933K, committed 1024K, reserved 1048576K
Event: 1.005 GC heap after
Heap after GC invocations=2 (full 1):
 PSYoungGen      total 17408K, used 0K [0x00000000ecf80000, 0x00000000ee280000, 0x0000000100000000)
  eden space 15360K, 0% used [0x00000000ecf80000,0x00000000ecf80000,0x00000000ede80000)
  from space 2048K, 0% used [0x00000000ede80000,0x00000000ede80000,0x00000000ee080000)
  to   space 2048K, 0% used [0x00000000ee080000,0x00000000ee080000,0x00000000ee280000)
 ParOldGen       total 35840K, used 5193K [0x00000000c6e00000, 0x00000000c9100000, 0x00000000ecf80000)
  object space 35840K, 14% used [0x00000000c6e00000,0x00000000c73127e8,0x00000000c9100000)
 Metaspace       used 7136K, capacity 7278K, committed 7424K, reserved 1060864K
  class space    used 836K, capacity 933K, committed 1024K, reserved 1048576K
}

